0 info it worked if it ends with ok
1 verbose cli [ 'E:\\nodejs\\node.exe',
1 verbose cli   'E:\\nodejs\\node_modules\\npm\\bin\\npm-cli.js',
1 verbose cli   'run',
1 verbose cli   'serve' ]
2 info using npm@2.15.9
3 info using node@v4.5.0
4 verbose run-script [ 'preserve', 'serve', 'postserve' ]
5 info preserve workshop-2@0.0.1
6 info serve workshop-2@0.0.1
7 verbose unsafe-perm in lifecycle true
8 info workshop-2@0.0.1 Failed to exec serve script
9 verbose stack Error: workshop-2@0.0.1 serve: `http-server -c-1`
9 verbose stack Exit status 1
9 verbose stack     at EventEmitter.<anonymous> (E:\nodejs\node_modules\npm\lib\utils\lifecycle.js:217:16)
9 verbose stack     at emitTwo (events.js:87:13)
9 verbose stack     at EventEmitter.emit (events.js:172:7)
9 verbose stack     at ChildProcess.<anonymous> (E:\nodejs\node_modules\npm\lib\utils\spawn.js:24:14)
9 verbose stack     at emitTwo (events.js:87:13)
9 verbose stack     at ChildProcess.emit (events.js:172:7)
9 verbose stack     at maybeClose (internal/child_process.js:829:16)
9 verbose stack     at Process.ChildProcess._handle.onexit (internal/child_process.js:211:5)
10 verbose pkgid workshop-2@0.0.1
11 verbose cwd D:\Robert\UMA\2016Fall\CMPSCI326\Assignments\Workshop3
12 error Windows_NT 10.0.10586
13 error argv "E:\\nodejs\\node.exe" "E:\\nodejs\\node_modules\\npm\\bin\\npm-cli.js" "run" "serve"
14 error node v4.5.0
15 error npm  v2.15.9
16 error code ELIFECYCLE
17 error workshop-2@0.0.1 serve: `http-server -c-1`
17 error Exit status 1
18 error Failed at the workshop-2@0.0.1 serve script 'http-server -c-1'.
18 error This is most likely a problem with the workshop-2 package,
18 error not with npm itself.
18 error Tell the author that this fails on your system:
18 error     http-server -c-1
18 error You can get information on how to open an issue for this project with:
18 error     npm bugs workshop-2
18 error Or if that isn't available, you can get their info via:
18 error
18 error     npm owner ls workshop-2
18 error There is likely additional logging output above.
19 verbose exit [ 1, true ]
